  [4;36;1mSQL (0.3ms)[0m   [0;1m SELECT name
 FROM sqlite_master
 WHERE type = 'table' AND NOT name = 'sqlite_sequence'
[0m
  [4;35;1mSQL (0.1ms)[0m   [0mselect sqlite_version(*)[0m
  [4;36;1mSQL (203.2ms)[0m   [0;1mCREATE TABLE "schema_migrations" ("version" varchar(255) NOT NULL) [0m
  [4;35;1mSQL (0.2ms)[0m   [0mPRAGMA index_list("schema_migrations")[0m
  [4;36;1mSQL (200.2ms)[0m   [0;1mCREATE UNIQUE INDEX "unique_schema_migrations" ON "schema_migrations" ("version")[0m
  [4;35;1mSQL (0.3ms)[0m   [0m SELECT name
 FROM sqlite_master
 WHERE type = 'table' AND NOT name = 'sqlite_sequence'
[0m
  [4;36;1mSQL (0.1ms)[0m   [0;1mSELECT version FROM schema_migrations[0m
Migrating to CreatePhotos (20140205175805)
  [4;35;1mSQL (0.6ms)[0m   [0mCREATE TABLE "photos" ("id" INTEGER PRIMARY KEY AUTOINCREMENT NOT NULL, "filename" varchar(255), "created_at" datetime, "updated_at" datetime) [0m
  [4;36;1mSQL (0.1ms)[0m   [0;1mINSERT INTO schema_migrations (version) VALUES ('20140205175805')[0m
  [4;35;1mSQL (0.4ms)[0m   [0m SELECT name
 FROM sqlite_master
 WHERE type = 'table' AND NOT name = 'sqlite_sequence'
[0m
  [4;36;1mSQL (0.1ms)[0m   [0;1mSELECT version FROM schema_migrations[0m
  [4;35;1mSQL (0.2ms)[0m   [0m SELECT name
 FROM sqlite_master
 WHERE type = 'table' AND NOT name = 'sqlite_sequence'
[0m
  [4;36;1mSQL (0.1ms)[0m   [0;1mPRAGMA index_list("photos")[0m
  [4;36;1mSQL (0.4ms)[0m   [0;1m SELECT name
 FROM sqlite_master
 WHERE type = 'table' AND NOT name = 'sqlite_sequence'
[0m
  [4;35;1mSQL (0.1ms)[0m   [0mSELECT version FROM schema_migrations[0m
Migrating to CreatePhotos (20140205175805)
  [4;36;1mSQL (0.1ms)[0m   [0;1mselect sqlite_version(*)[0m
  [4;35;1mSQL (0.1ms)[0m   [0m SELECT name
 FROM sqlite_master
 WHERE type = 'table' AND NOT name = 'sqlite_sequence'
[0m
  [4;36;1mSQL (0.1ms)[0m   [0;1mSELECT version FROM schema_migrations[0m
  [4;35;1mSQL (0.1ms)[0m   [0m SELECT name
 FROM sqlite_master
 WHERE type = 'table' AND NOT name = 'sqlite_sequence'
[0m
  [4;36;1mSQL (0.0ms)[0m   [0;1mPRAGMA index_list("photos")[0m
  [4;36;1mPhoto Create (0.8ms)[0m   [0;1mINSERT INTO "photos" ("filename", "created_at", "updated_at") VALUES('teste.png', '2014-02-11 00:04:19', '2014-02-11 00:04:19')[0m
  [4;35;1mPhoto Load (0.5ms)[0m   [0mSELECT * FROM "photos" [0m
  [4;36;1mPhoto Load (0.4ms)[0m   [0;1mSELECT * FROM "photos" [0m
  [4;35;1mPhoto Load (0.4ms)[0m   [0mSELECT * FROM "photos" [0m
  [4;36;1mSQL (0.4ms)[0m   [0;1m SELECT name
 FROM sqlite_master
 WHERE type = 'table' AND NOT name = 'sqlite_sequence'
[0m
  [4;35;1mSQL (0.1ms)[0m   [0mSELECT version FROM schema_migrations[0m
Migrating to CreatePhotos (20140205175805)
Migrating to CreatePeople (20140211003149)
  [4;36;1mSQL (0.1ms)[0m   [0;1mselect sqlite_version(*)[0m
  [4;35;1mSQL (0.4ms)[0m   [0mCREATE TABLE "people" ("id" INTEGER PRIMARY KEY AUTOINCREMENT NOT NULL, "type" varchar(255), "name" varchar(255), "email" varchar(255), "camera" varchar(255), "created_at" datetime, "updated_at" datetime) [0m
  [4;36;1mSQL (0.1ms)[0m   [0;1mINSERT INTO schema_migrations (version) VALUES ('20140211003149')[0m
Migrating to CreateAddresses (20140211004456)
  [4;35;1mSQL (0.3ms)[0m   [0mCREATE TABLE "addresses" ("id" INTEGER PRIMARY KEY AUTOINCREMENT NOT NULL, "street_address" varchar(255), "city" varchar(255), "state" varchar(255), "zip" varchar(255), "created_at" datetime, "updated_at" datetime) [0m
  [4;36;1mSQL (0.1ms)[0m   [0;1mINSERT INTO schema_migrations (version) VALUES ('20140211004456')[0m
Migrating to AddAddressToPeople (20140211010030)
  [4;36;1mSQL (0.4ms)[0m   [0;1m SELECT name
 FROM sqlite_master
 WHERE type = 'table' AND NOT name = 'sqlite_sequence'
[0m
  [4;35;1mSQL (0.1ms)[0m   [0mSELECT version FROM schema_migrations[0m
Migrating to CreatePhotos (20140205175805)
Migrating to CreatePeople (20140211003149)
Migrating to CreateAddresses (20140211004456)
Migrating to AddAddressToPeople (20140211010030)
  [4;36;1mSQL (0.1ms)[0m   [0;1mselect sqlite_version(*)[0m
  [4;36;1mSQL (0.3ms)[0m   [0;1m SELECT name
 FROM sqlite_master
 WHERE type = 'table' AND NOT name = 'sqlite_sequence'
[0m
  [4;35;1mSQL (0.1ms)[0m   [0mselect sqlite_version(*)[0m
  [4;36;1mSQL (115.9ms)[0m   [0;1mCREATE TABLE "schema_migrations" ("version" varchar(255) NOT NULL) [0m
  [4;35;1mSQL (0.1ms)[0m   [0mPRAGMA index_list("schema_migrations")[0m
  [4;36;1mSQL (122.5ms)[0m   [0;1mCREATE UNIQUE INDEX "unique_schema_migrations" ON "schema_migrations" ("version")[0m
  [4;35;1mSQL (0.2ms)[0m   [0m SELECT name
 FROM sqlite_master
 WHERE type = 'table' AND NOT name = 'sqlite_sequence'
[0m
  [4;36;1mSQL (0.1ms)[0m   [0;1mSELECT version FROM schema_migrations[0m
Migrating to CreatePhotos (20140205175805)
  [4;35;1mSQL (0.5ms)[0m   [0mCREATE TABLE "photos" ("id" INTEGER PRIMARY KEY AUTOINCREMENT NOT NULL, "filename" varchar(255), "created_at" datetime, "updated_at" datetime) [0m
  [4;36;1mSQL (0.1ms)[0m   [0;1mINSERT INTO schema_migrations (version) VALUES ('20140205175805')[0m
Migrating to CreatePeople (20140211003149)
  [4;35;1mSQL (0.8ms)[0m   [0mCREATE TABLE "people" ("id" INTEGER PRIMARY KEY AUTOINCREMENT NOT NULL, "type" varchar(255), "name" varchar(255), "email" varchar(255), "camera" varchar(255), "created_at" datetime, "updated_at" datetime) [0m
  [4;36;1mSQL (0.2ms)[0m   [0;1mINSERT INTO schema_migrations (version) VALUES ('20140211003149')[0m
Migrating to CreateAddresses (20140211004456)
  [4;35;1mSQL (0.3ms)[0m   [0mCREATE TABLE "addresses" ("id" INTEGER PRIMARY KEY AUTOINCREMENT NOT NULL, "street_address" varchar(255), "city" varchar(255), "state" varchar(255), "zip" varchar(255), "created_at" datetime, "updated_at" datetime) [0m
  [4;36;1mSQL (0.1ms)[0m   [0;1mINSERT INTO schema_migrations (version) VALUES ('20140211004456')[0m
Migrating to AddAddressToPeople (20140211010030)
  [4;36;1mSQL (0.4ms)[0m   [0;1m SELECT name
 FROM sqlite_master
 WHERE type = 'table' AND NOT name = 'sqlite_sequence'
[0m
  [4;35;1mSQL (0.1ms)[0m   [0mSELECT version FROM schema_migrations[0m
Migrating to CreatePhotos (20140205175805)
Migrating to CreatePeople (20140211003149)
Migrating to CreateAddresses (20140211004456)
Migrating to AddAddressToPerson (20140211010030)
  [4;36;1mSQL (0.1ms)[0m   [0;1mselect sqlite_version(*)[0m
  [4;35;1mSQL (0.4ms)[0m   [0mALTER TABLE "people" ADD "street_address" varchar(255)[0m
  [4;36;1mSQL (0.2ms)[0m   [0;1mALTER TABLE "people" ADD "city" varchar(255)[0m
  [4;35;1mSQL (0.1ms)[0m   [0mALTER TABLE "people" ADD "state" varchar(255)[0m
  [4;36;1mSQL (0.1ms)[0m   [0;1mALTER TABLE "people" ADD "zip" varchar(255)[0m
  [4;35;1mSQL (0.1ms)[0m   [0mINSERT INTO schema_migrations (version) VALUES ('20140211010030')[0m
  [4;36;1mSQL (0.2ms)[0m   [0;1m SELECT name
 FROM sqlite_master
 WHERE type = 'table' AND NOT name = 'sqlite_sequence'
[0m
  [4;35;1mSQL (0.1ms)[0m   [0mSELECT version FROM schema_migrations[0m
  [4;36;1mSQL (0.1ms)[0m   [0;1m SELECT name
 FROM sqlite_master
 WHERE type = 'table' AND NOT name = 'sqlite_sequence'
[0m
  [4;35;1mSQL (0.0ms)[0m   [0mPRAGMA index_list("addresses")[0m
  [4;36;1mSQL (0.0ms)[0m   [0;1mPRAGMA index_list("people")[0m
  [4;35;1mSQL (0.0ms)[0m   [0mPRAGMA index_list("photos")[0m
  [4;36;1mSQL (0.3ms)[0m   [0;1m SELECT name
 FROM sqlite_master
 WHERE type = 'table' AND NOT name = 'sqlite_sequence'
[0m
  [4;35;1mSQL (0.1ms)[0m   [0mselect sqlite_version(*)[0m
  [4;36;1mSQL (128.6ms)[0m   [0;1mCREATE TABLE "schema_migrations" ("version" varchar(255) NOT NULL) [0m
  [4;35;1mSQL (0.1ms)[0m   [0mPRAGMA index_list("schema_migrations")[0m
  [4;36;1mSQL (111.7ms)[0m   [0;1mCREATE UNIQUE INDEX "unique_schema_migrations" ON "schema_migrations" ("version")[0m
  [4;35;1mSQL (0.5ms)[0m   [0m SELECT name
 FROM sqlite_master
 WHERE type = 'table' AND NOT name = 'sqlite_sequence'
[0m
  [4;36;1mSQL (0.3ms)[0m   [0;1mSELECT version FROM schema_migrations[0m
Migrating to CreatePhotos (20140205175805)
  [4;35;1mSQL (0.9ms)[0m   [0mCREATE TABLE "photos" ("id" INTEGER PRIMARY KEY AUTOINCREMENT NOT NULL, "filename" varchar(255), "created_at" datetime, "updated_at" datetime) [0m
  [4;36;1mSQL (0.2ms)[0m   [0;1mINSERT INTO schema_migrations (version) VALUES ('20140205175805')[0m
Migrating to CreatePeople (20140211003149)
  [4;35;1mSQL (0.7ms)[0m   [0mCREATE TABLE "people" ("id" INTEGER PRIMARY KEY AUTOINCREMENT NOT NULL, "type" varchar(255), "name" varchar(255), "email" varchar(255), "camera" varchar(255), "created_at" datetime, "updated_at" datetime) [0m
  [4;36;1mSQL (0.3ms)[0m   [0;1mINSERT INTO schema_migrations (version) VALUES ('20140211003149')[0m
Migrating to CreateAddresses (20140211004456)
  [4;35;1mSQL (0.5ms)[0m   [0mCREATE TABLE "addresses" ("id" INTEGER PRIMARY KEY AUTOINCREMENT NOT NULL, "street_address" varchar(255), "city" varchar(255), "state" varchar(255), "zip" varchar(255), "created_at" datetime, "updated_at" datetime) [0m
  [4;36;1mSQL (0.1ms)[0m   [0;1mINSERT INTO schema_migrations (version) VALUES ('20140211004456')[0m
Migrating to AddAddressToPerson (20140211010030)
  [4;35;1mSQL (0.9ms)[0m   [0mALTER TABLE "people" ADD "street_address" varchar(255)[0m
  [4;36;1mSQL (0.5ms)[0m   [0;1mALTER TABLE "people" ADD "city" varchar(255)[0m
  [4;35;1mSQL (0.4ms)[0m   [0mALTER TABLE "people" ADD "state" varchar(255)[0m
  [4;36;1mSQL (0.4ms)[0m   [0;1mALTER TABLE "people" ADD "zip" varchar(255)[0m
  [4;35;1mSQL (0.3ms)[0m   [0mINSERT INTO schema_migrations (version) VALUES ('20140211010030')[0m
  [4;36;1mSQL (0.7ms)[0m   [0;1m SELECT name
 FROM sqlite_master
 WHERE type = 'table' AND NOT name = 'sqlite_sequence'
[0m
  [4;35;1mSQL (0.4ms)[0m   [0mSELECT version FROM schema_migrations[0m
  [4;36;1mSQL (0.1ms)[0m   [0;1m SELECT name
 FROM sqlite_master
 WHERE type = 'table' AND NOT name = 'sqlite_sequence'
[0m
  [4;35;1mSQL (0.0ms)[0m   [0mPRAGMA index_list("addresses")[0m
  [4;36;1mSQL (0.0ms)[0m   [0;1mPRAGMA index_list("people")[0m
  [4;35;1mSQL (0.0ms)[0m   [0mPRAGMA index_list("photos")[0m
  [4;36;1mPhoto Load (0.5ms)[0m   [0;1mSELECT * FROM "photos" [0m
  [4;35;1mPhoto Create (0.9ms)[0m   [0mINSERT INTO "photos" ("filename", "created_at", "updated_at") VALUES('teste.png', '2014-02-11 01:05:34', '2014-02-11 01:05:34')[0m
  [4;36;1mPhoto Load (0.7ms)[0m   [0;1mSELECT * FROM "photos" [0m
  [4;36;1mPhoto Load (0.4ms)[0m   [0;1mSELECT * FROM "photos" [0m
  [4;36;1mPerson Create (0.9ms)[0m   [0;1mINSERT INTO "people" ("type", "name", "email", "camera", "created_at", "updated_at", "street_address", "city", "state", "zip") VALUES(NULL, 'Alexandre', 'allexonrails@live.com', NULL, '2014-02-11 01:18:30', '2014-02-11 01:18:30', 'Rua V de Paula 17', 'Campos', 'RJ', '0909')[0m
  [4;35;1mPerson Load (0.9ms)[0m   [0mSELECT * FROM "people" [0m
  [4;36;1mAddress Create (0.6ms)[0m   [0;1mINSERT INTO "addresses" ("street_address", "city", "state", "zip", "created_at", "updated_at") VALUES(NULL, NULL, NULL, NULL, '2014-02-11 01:23:52', '2014-02-11 01:23:52')[0m
  [4;35;1mAddress Load (1.0ms)[0m   [0mSELECT * FROM "addresses" [0m
  [4;36;1mAddress Load (1.1ms)[0m   [0;1mSELECT * FROM "addresses" WHERE ("addresses"."id" = 1) [0m
  [4;35;1mAddress Destroy (0.4ms)[0m   [0mDELETE FROM "addresses" WHERE "id" = 1[0m
  [4;36;1mAddress Create (0.8ms)[0m   [0;1mINSERT INTO "addresses" ("street_address", "city", "state", "zip", "created_at", "updated_at") VALUES('bla bla bla 17', 'x', NULL, '0000', '2014-02-11 01:27:34', '2014-02-11 01:27:34')[0m
  [4;35;1mAddress Load (0.7ms)[0m   [0mSELECT * FROM "addresses" [0m
  [4;36;1mPerson Load (0.8ms)[0m   [0;1mSELECT * FROM "people" [0m
  [4;35;1mPerson Load (0.8ms)[0m   [0mSELECT * FROM "people" [0m
  [4;36;1mPhotographer Create (0.3ms)[0m   [0;1mINSERT INTO "people" ("type", "name", "email", "camera", "created_at", "updated_at", "street_address", "city", "state", "zip") VALUES('Photographer', 'Bianca', 'b@b.com', NULL, '2014-02-11 01:40:35', '2014-02-11 01:40:35', NULL, NULL, NULL, NULL)[0m
  [4;35;1mPerson Load (1.6ms)[0m   [0mSELECT * FROM "people" [0m
  [4;36;1mSQL (0.5ms)[0m   [0;1m SELECT name
 FROM sqlite_master
 WHERE type = 'table' AND NOT name = 'sqlite_sequence'
[0m
  [4;35;1mSQL (0.2ms)[0m   [0m SELECT name
 FROM sqlite_master
 WHERE type = 'table' AND NOT name = 'sqlite_sequence'
[0m
  [4;36;1mPerson Load (2.4ms)[0m   [0;1mSELECT * FROM "people" [0m
  [4;35;1mSQL (0.2ms)[0m   [0m SELECT name
 FROM sqlite_master
 WHERE type = 'table' AND NOT name = 'sqlite_sequence'
[0m
  [4;36;1mSQL (0.6ms)[0m   [0;1m SELECT name
 FROM sqlite_master
 WHERE type = 'table' AND NOT name = 'sqlite_sequence'
[0m
